This is pdfTeX, Version 3.14159265-2.6-1.40.21 (MiKTeX 2.9.7300 64-bit) (preloaded format=pdflatex 2020.2.10)  14 FEB 2020 07:16
entering extended mode
**./Tarea1.tex
(Tarea1.tex
LaTeX2e <2020-02-02> patch level 1
L3 programming layer <2020-02-08>
("C:\Users\Raymundo Santana\AppData\Local\Programs\MiKTeX 2.9\tex/latex/base\ar
ticle.cls"
Document Class: article 2019/12/20 v1.4l Standard LaTeX document class

("C:\Users\Raymundo Santana\AppData\Local\Programs\MiKTeX 2.9\tex/latex/base\si
ze10.clo"
File: size10.clo 2019/12/20 v1.4l Standard LaTeX file (size option)
)
\c@part=\count167
\c@section=\count168
\c@subsection=\count169
\c@subsubsection=\count170
\c@paragraph=\count171
\c@subparagraph=\count172
\c@figure=\count173
\c@table=\count174
\abovecaptionskip=\skip47
\belowcaptionskip=\skip48
\bibindent=\dimen134
)
("C:\Users\Raymundo Santana\AppData\Local\Programs\MiKTeX 2.9\tex/latex/base\in
putenc.sty"
Package: inputenc 2018/08/11 v1.3c Input encoding file
\inpenc@prehook=\toks14
\inpenc@posthook=\toks15
)
("C:\Users\Raymundo Santana\AppData\Local\Programs\MiKTeX 2.9\tex/generic/babel
\babel.sty"
Package: babel 2020/02/03 3.39 The Babel package

("C:\Users\Raymundo Santana\AppData\Local\Programs\MiKTeX 2.9\tex/generic/babel
\switch.def"
File: switch.def 2020/02/03 3.39 Babel switching mechanism
)
*************************************
* Local config file bblopts.cfg used
*

("C:\Users\Raymundo Santana\AppData\Local\Programs\MiKTeX 2.9\tex/latex/arabi\b
blopts.cfg"
File: bblopts.cfg 2005/09/08 v0.1 add Arabic and Farsi to "declared" options of
 babel
)
("C:\Users\Raymundo Santana\AppData\Local\Programs\MiKTeX 2.9\tex/latex/babel-s
panish\spanish.ldf"
Language: spanish.ldf 2016/03/03 v5.0p Spanish support from the babel system

("C:\Users\Raymundo Santana\AppData\Local\Programs\MiKTeX 2.9\tex/generic/babel
\babel.def"
File: babel.def 2020/02/03 3.39 Babel common definitions
\babel@savecnt=\count175
\U@D=\dimen135

("C:\Users\Raymundo Santana\AppData\Local\Programs\MiKTeX 2.9\tex/generic/babel
\txtbabel.def")
\bbl@readstream=\read2
\bbl@dirlevel=\count176
)
\es@quottoks=\toks16
\es@quotdepth=\count177
Package babel Info: Making " an active character on input line 561.
Package babel Info: Making . an active character on input line 662.
Package babel Info: Making < an active character on input line 707.
Package babel Info: Making > an active character on input line 707.
))
("C:\Users\Raymundo Santana\AppData\Local\Programs\MiKTeX 2.9\tex/latex/graphic
s\graphicx.sty"
Package: graphicx 2019/11/30 v1.2a Enhanced LaTeX Graphics (DPC,SPQR)

("C:\Users\Raymundo Santana\AppData\Local\Programs\MiKTeX 2.9\tex/latex/graphic
s\keyval.sty"
Package: keyval 2014/10/28 v1.15 key=value parser (DPC)
\KV@toks@=\toks17
)
("C:\Users\Raymundo Santana\AppData\Local\Programs\MiKTeX 2.9\tex/latex/graphic
s\graphics.sty"
Package: graphics 2019/11/30 v1.4a Standard LaTeX Graphics (DPC,SPQR)

("C:\Users\Raymundo Santana\AppData\Local\Programs\MiKTeX 2.9\tex/latex/graphic
s\trig.sty"
Package: trig 2016/01/03 v1.10 sin cos tan (DPC)
)
("C:\Users\Raymundo Santana\AppData\Local\Programs\MiKTeX 2.9\tex/latex/graphic
s-cfg\graphics.cfg"
File: graphics.cfg 2016/06/04 v1.11 sample graphics configuration
)
Package graphics Info: Driver file: pdftex.def on input line 105.

("C:\Users\Raymundo Santana\AppData\Local\Programs\MiKTeX 2.9\tex/latex/graphic
s-def\pdftex.def"
File: pdftex.def 2018/01/08 v1.0l Graphics/color driver for pdftex
))
\Gin@req@height=\dimen136
\Gin@req@width=\dimen137
)
("C:\Users\Raymundo Santana\AppData\Local\Programs\MiKTeX 2.9\tex/latex/tools\m
ulticol.sty"
Package: multicol 2019/12/09 v1.8y multicolumn formatting (FMi)
\c@tracingmulticols=\count178
\mult@box=\box45
\multicol@leftmargin=\dimen138
\c@unbalance=\count179
\c@collectmore=\count180
\doublecol@number=\count181
\multicoltolerance=\count182
\multicolpretolerance=\count183
\full@width=\dimen139
\page@free=\dimen140
\premulticols=\dimen141
\postmulticols=\dimen142
\multicolsep=\skip49
\multicolbaselineskip=\skip50
\partial@page=\box46
\last@line=\box47
\maxbalancingoverflow=\dimen143
\mult@rightbox=\box48
\mult@grightbox=\box49
\mult@gfirstbox=\box50
\mult@firstbox=\box51
\@tempa=\box52
\@tempa=\box53
\@tempa=\box54
\@tempa=\box55
\@tempa=\box56
\@tempa=\box57
\@tempa=\box58
\@tempa=\box59
\@tempa=\box60
\@tempa=\box61
\@tempa=\box62
\@tempa=\box63
\@tempa=\box64
\@tempa=\box65
\@tempa=\box66
\@tempa=\box67
\@tempa=\box68
\@tempa=\box69
\@tempa=\box70
\@tempa=\box71
\@tempa=\box72
\@tempa=\box73
\@tempa=\box74
\@tempa=\box75
\@tempa=\box76
\@tempa=\box77
\@tempa=\box78
\@tempa=\box79
\@tempa=\box80
\@tempa=\box81
\@tempa=\box82
\@tempa=\box83
\@tempa=\box84
\@tempa=\box85
\@tempa=\box86
\@tempa=\box87
\@tempa=\box88
\c@minrows=\count184
\c@columnbadness=\count185
\c@finalcolumnbadness=\count186
\last@try=\dimen144
\multicolovershoot=\dimen145
\multicolundershoot=\dimen146
\mult@nat@firstbox=\box89
\colbreak@box=\box90
\mc@col@check@num=\count187
)
("C:\Users\Raymundo Santana\AppData\Local\Programs\MiKTeX 2.9\tex/latex/caption
\caption.sty"
Package: caption 2020/01/03 v3.4h Customizing captions (AR)

("C:\Users\Raymundo Santana\AppData\Local\Programs\MiKTeX 2.9\tex/latex/caption
\caption3.sty"
Package: caption3 2020/01/03 v1.8h caption3 kernel (AR)
Package caption3 Info: TeX engine: e-TeX on input line 61.
\captionmargin=\dimen147
\captionmargin@=\dimen148
\captionwidth=\dimen149
\caption@tempdima=\dimen150
\caption@indent=\dimen151
\caption@parindent=\dimen152
\caption@hangindent=\dimen153
Package caption Info: Standard document class detected.
)
\c@caption@flags=\count188
\c@continuedfloat=\count189
)
("C:\Users\Raymundo Santana\AppData\Local\Programs\MiKTeX 2.9\tex/latex/vmargin
\vmargin.sty"
Package: vmargin 2004/07/15 V2.5 set document margins (VK)

Package: vmargin 2004/07/15 V2.5 set document margins (VK)
\PaperWidth=\dimen154
\PaperHeight=\dimen155
)
("C:\Users\Raymundo Santana\AppData\Local\Programs\MiKTeX 2.9\tex/latex/hyperre
f\hyperref.sty"
Package: hyperref 2020/01/14 v7.00d Hypertext links for LaTeX

("C:\Users\Raymundo Santana\AppData\Local\Programs\MiKTeX 2.9\tex/generic/ltxcm
ds\ltxcmds.sty"
Package: ltxcmds 2019/12/15 v1.24 LaTeX kernel commands for general use (HO)
)
("C:\Users\Raymundo Santana\AppData\Local\Programs\MiKTeX 2.9\tex/generic/iftex
\iftex.sty"
Package: iftex 2019/11/07 v1.0c TeX engine tests
)
("C:\Users\Raymundo Santana\AppData\Local\Programs\MiKTeX 2.9\tex/latex/pdftexc
mds\pdftexcmds.sty"
Package: pdftexcmds 2019/11/24 v0.31 Utility functions of pdfTeX for LuaTeX (HO
)

("C:\Users\Raymundo Santana\AppData\Local\Programs\MiKTeX 2.9\tex/generic/infwa
rerr\infwarerr.sty"
Package: infwarerr 2019/12/03 v1.5 Providing info/warning/error messages (HO)
)
Package pdftexcmds Info: \pdf@primitive is available.
Package pdftexcmds Info: \pdf@ifprimitive is available.
Package pdftexcmds Info: \pdfdraftmode found.
)
("C:\Users\Raymundo Santana\AppData\Local\Programs\MiKTeX 2.9\tex/generic/kvset
keys\kvsetkeys.sty"
Package: kvsetkeys 2019/12/15 v1.18 Key value parser (HO)
)
("C:\Users\Raymundo Santana\AppData\Local\Programs\MiKTeX 2.9\tex/generic/kvdef
inekeys\kvdefinekeys.sty"
Package: kvdefinekeys 2019-12-19 v1.6 Define keys (HO)
)
("C:\Users\Raymundo Santana\AppData\Local\Programs\MiKTeX 2.9\tex/generic/pdfes
cape\pdfescape.sty"
Package: pdfescape 2019/12/09 v1.15 Implements pdfTeX's escape features (HO)
)
("C:\Users\Raymundo Santana\AppData\Local\Programs\MiKTeX 2.9\tex/latex/hycolor
\hycolor.sty"
Package: hycolor 2020-01-27 v1.10 Color options for hyperref/bookmark (HO)
)
("C:\Users\Raymundo Santana\AppData\Local\Programs\MiKTeX 2.9\tex/latex/letltxm
acro\letltxmacro.sty"
Package: letltxmacro 2019/12/03 v1.6 Let assignment for LaTeX macros (HO)
)
("C:\Users\Raymundo Santana\AppData\Local\Programs\MiKTeX 2.9\tex/latex/auxhook
\auxhook.sty"
Package: auxhook 2019-12-17 v1.6 Hooks for auxiliary files (HO)
)
("C:\Users\Raymundo Santana\AppData\Local\Programs\MiKTeX 2.9\tex/latex/kvoptio
ns\kvoptions.sty"
Package: kvoptions 2019/11/29 v3.13 Key value format for package options (HO)
)
\@linkdim=\dimen156
\Hy@linkcounter=\count190
\Hy@pagecounter=\count191

("C:\Users\Raymundo Santana\AppData\Local\Programs\MiKTeX 2.9\tex/latex/hyperre
f\pd1enc.def"
File: pd1enc.def 2020/01/14 v7.00d Hyperref: PDFDocEncoding definition (HO)
Now handling font encoding PD1 ...
... no UTF-8 mapping file for font encoding PD1
)
("C:\Users\Raymundo Santana\AppData\Local\Programs\MiKTeX 2.9\tex/generic/intca
lc\intcalc.sty"
Package: intcalc 2019/12/15 v1.3 Expandable calculations with integers (HO)
)
("C:\Users\Raymundo Santana\AppData\Local\Programs\MiKTeX 2.9\tex/generic/etexc
mds\etexcmds.sty"
Package: etexcmds 2019/12/15 v1.7 Avoid name clashes with e-TeX commands (HO)
)
\Hy@SavedSpaceFactor=\count192
Package hyperref Info: Hyper figures OFF on input line 4547.
Package hyperref Info: Link nesting OFF on input line 4552.
Package hyperref Info: Hyper index ON on input line 4555.
Package hyperref Info: Plain pages OFF on input line 4562.
Package hyperref Info: Backreferencing OFF on input line 4567.
Package hyperref Info: Implicit mode ON; LaTeX internals redefined.
Package hyperref Info: Bookmarks ON on input line 4800.
\c@Hy@tempcnt=\count193

("C:\Users\Raymundo Santana\AppData\Local\Programs\MiKTeX 2.9\tex/latex/url\url
.sty"
\Urlmuskip=\muskip16
Package: url 2013/09/16  ver 3.4  Verb mode for urls, etc.
)
LaTeX Info: Redefining \url on input line 5159.
\XeTeXLinkMargin=\dimen157

("C:\Users\Raymundo Santana\AppData\Local\Programs\MiKTeX 2.9\tex/generic/bitse
t\bitset.sty"
Package: bitset 2019/12/09 v1.3 Handle bit-vector datatype (HO)

("C:\Users\Raymundo Santana\AppData\Local\Programs\MiKTeX 2.9\tex/generic/bigin
tcalc\bigintcalc.sty"
Package: bigintcalc 2019/12/15 v1.5 Expandable calculations on big integers (HO
)
))
\Fld@menulength=\count194
\Field@Width=\dimen158
\Fld@charsize=\dimen159
Package hyperref Info: Hyper figures OFF on input line 6430.
Package hyperref Info: Link nesting OFF on input line 6435.
Package hyperref Info: Hyper index ON on input line 6438.
Package hyperref Info: backreferencing OFF on input line 6445.
Package hyperref Info: Link coloring OFF on input line 6450.
Package hyperref Info: Link coloring with OCG OFF on input line 6455.
Package hyperref Info: PDF/A mode OFF on input line 6460.
LaTeX Info: Redefining \ref on input line 6500.
LaTeX Info: Redefining \pageref on input line 6504.

("C:\Users\Raymundo Santana\AppData\Local\Programs\MiKTeX 2.9\tex/generic/atbeg
shi\atbegshi.sty"
Package: atbegshi 2019/12/05 v1.19 At begin shipout hook (HO)
)
\Hy@abspage=\count195
\c@Item=\count196
\c@Hfootnote=\count197
)
Package hyperref Info: Driver (autodetected): hpdftex.

("C:\Users\Raymundo Santana\AppData\Local\Programs\MiKTeX 2.9\tex/latex/hyperre
f\hpdftex.def"
File: hpdftex.def 2020/01/14 v7.00d Hyperref driver for pdfTeX

("C:\Users\Raymundo Santana\AppData\Local\Programs\MiKTeX 2.9\tex/latex/atverye
nd\atveryend.sty"
Package: atveryend 2019-12-11 v1.11 Hooks at the very end of document (HO)
Package atveryend Info: \enddocument detected (standard20110627).
)
\Fld@listcount=\count198
\c@bookmark@seq@number=\count199

("C:\Users\Raymundo Santana\AppData\Local\Programs\MiKTeX 2.9\tex/latex/rerunfi
lecheck\rerunfilecheck.sty"
Package: rerunfilecheck 2019/12/05 v1.9 Rerun checks for auxiliary files (HO)

("C:\Users\Raymundo Santana\AppData\Local\Programs\MiKTeX 2.9\tex/generic/uniqu
ecounter\uniquecounter.sty"
Package: uniquecounter 2019/12/15 v1.4 Provide unlimited unique counter (HO)
)
Package uniquecounter Info: New unique counter `rerunfilecheck' on input line 2
86.
)
\Hy@SectionHShift=\skip51
)
("C:\Users\Raymundo Santana\AppData\Local\Programs\MiKTeX 2.9\tex/latex/l3backe
nd\l3backend-pdfmode.def"
File: l3backend-pdfmode.def 2020-02-03 L3 backend support: PDF mode
\l__kernel_color_stack_int=\count266
\l__pdf_internal_box=\box91
) (Tarea1.aux
LaTeX Info: Redefining \. on input line 24.
LaTeX Info: Redefining \% on input line 24.
)
\openout1 = `Tarea1.aux'.

LaTeX Font Info:    Checking defaults for OML/cmm/m/it on input line 22.
LaTeX Font Info:    ... okay on input line 22.
LaTeX Font Info:    Checking defaults for OMS/cmsy/m/n on input line 22.
LaTeX Font Info:    ... okay on input line 22.
LaTeX Font Info:    Checking defaults for OT1/cmr/m/n on input line 22.
LaTeX Font Info:    ... okay on input line 22.
LaTeX Font Info:    Checking defaults for T1/cmr/m/n on input line 22.
LaTeX Font Info:    ... okay on input line 22.
LaTeX Font Info:    Checking defaults for TS1/cmr/m/n on input line 22.
LaTeX Font Info:    ... okay on input line 22.
LaTeX Font Info:    Checking defaults for OMX/cmex/m/n on input line 22.
LaTeX Font Info:    ... okay on input line 22.
LaTeX Font Info:    Checking defaults for U/cmr/m/n on input line 22.
LaTeX Font Info:    ... okay on input line 22.
LaTeX Font Info:    Checking defaults for PD1/pdf/m/n on input line 22.
LaTeX Font Info:    ... okay on input line 22.
LaTeX Info: Redefining \. on input line 22.
LaTeX Info: Redefining \% on input line 22.

("C:\Users\Raymundo Santana\AppData\Local\Programs\MiKTeX 2.9\tex/context/base/
mkii\supp-pdf.mkii"
[Loading MPS to PDF converter (version 2006.09.02).]
\scratchcounter=\count267
\scratchdimen=\dimen160
\scratchbox=\box92
\nofMPsegments=\count268
\nofMParguments=\count269
\everyMPshowfont=\toks18
\MPscratchCnt=\count270
\MPscratchDim=\dimen161
\MPnumerator=\count271
\makeMPintoPDFobject=\count272
\everyMPtoPDFconversion=\toks19
)
("C:\Users\Raymundo Santana\AppData\Local\Programs\MiKTeX 2.9\tex/latex/epstopd
f-pkg\epstopdf-base.sty"
Package: epstopdf-base 2020-01-24 v2.11 Base part for package epstopdf
Package epstopdf-base Info: Redefining graphics rule for `.eps' on input line 4
85.
)
Package caption Info: Begin \AtBeginDocument code.
Package caption Info: hyperref package is loaded.
Package caption Info: End \AtBeginDocument code.
\AtBeginShipoutBox=\box93
Package hyperref Info: Link coloring OFF on input line 22.

("C:\Users\Raymundo Santana\AppData\Local\Programs\MiKTeX 2.9\tex/latex/hyperre
f\nameref.sty"
Package: nameref 2019/09/16 v2.46 Cross-referencing by name of section

("C:\Users\Raymundo Santana\AppData\Local\Programs\MiKTeX 2.9\tex/latex/refcoun
t\refcount.sty"
Package: refcount 2019/12/15 v3.6 Data extraction from label references (HO)
)
("C:\Users\Raymundo Santana\AppData\Local\Programs\MiKTeX 2.9\tex/generic/getti
tlestring\gettitlestring.sty"
Package: gettitlestring 2019/12/15 v1.6 Cleanup title references (HO)
)
\c@section@level=\count273
)
LaTeX Info: Redefining \ref on input line 22.
LaTeX Info: Redefining \pageref on input line 22.
LaTeX Info: Redefining \nameref on input line 22.
 (Tarea1.out) (Tarea1.out)
\@outlinefile=\write3
\openout3 = `Tarea1.out'.

LaTeX Font Info:    External font `cmex10' loaded for size
(Font)              <7> on input line 43.
LaTeX Font Info:    External font `cmex10' loaded for size
(Font)              <5> on input line 43.
<orwithand.jpg, id=3, 183.68625pt x 241.90375pt>
File: orwithand.jpg Graphic file (type jpg)
<use orwithand.jpg>
Package pdftex.def Info: orwithand.jpg  used on input line 50.
(pdftex.def)             Requested size: 183.68578pt x 241.90315pt.

Overfull \hbox (2.8686pt too wide) detected at line 55
\OT1/cmr/m/n/10 2[] = 179\OML/cmm/m/it/10 ; \OT1/cmr/m/n/10 769\OML/cmm/m/it/10
 ; \OT1/cmr/m/n/10 313\OML/cmm/m/it/10 ; \OT1/cmr/m/n/10 486\OML/cmm/m/it/10 ; 
\OT1/cmr/m/n/10 231\OML/cmm/m/it/10 ; \OT1/cmr/m/n/10 590\OML/cmm/m/it/10 ; \OT
1/cmr/m/n/10 772\OML/cmm/m/it/10 ; \OT1/cmr/m/n/10 930\OML/cmm/m/it/10 ; :::; \
OT1/cmr/m/n/10 304\OML/cmm/m/it/10 ; \OT1/cmr/m/n/10 835\OML/cmm/m/it/10 ; \OT1
/cmr/m/n/10 356\OML/cmm/m/it/10 ; \OT1/cmr/m/n/10 329\OML/cmm/m/it/10 ; \OT1/cm
r/m/n/10 624\OML/cmm/m/it/10 ; \OT1/cmr/m/n/10 224\OML/cmm/m/it/10 ; \OT1/cmr/m
/n/10 137\OML/cmm/m/it/10 ; \OT1/cmr/m/n/10 216 \OML/cmm/m/it/10 digits \OT1/cm
r/m/n/10 = 39
 []

[1

{C:/Users/Raymundo Santana/AppData/Local/MiKTeX/2.9/pdftex/config/pdftex.map} <
./orwithand.jpg>]
Package atveryend Info: Empty hook `BeforeClearDocument' on input line 109.
 [2]
Package atveryend Info: Empty hook `AfterLastShipout' on input line 109.
 (Tarea1.aux
LaTeX Info: Redefining \. on input line 24.
LaTeX Info: Redefining \% on input line 24.
)
Package atveryend Info: Executing hook `AtVeryEndDocument' on input line 109.
Package atveryend Info: Executing hook `AtEndAfterFileList' on input line 109.
Package rerunfilecheck Info: File `Tarea1.out' has not changed.
(rerunfilecheck)             Checksum: D41D8CD98F00B204E9800998ECF8427E;0.
Package atveryend Info: Empty hook `AtVeryVeryEnd' on input line 109.
 ) 
Here is how much of TeX's memory you used:
 7430 strings out of 481527
 120286 string characters out of 2907064
 389637 words of memory out of 3000000
 22579 multiletter control sequences out of 15000+200000
 533549 words of font info for 28 fonts, out of 3000000 for 9000
 1141 hyphenation exceptions out of 8191
 41i,5n,42p,219b,431s stack positions out of 5000i,500n,10000p,200000b,50000s
<C:/Users/Raymundo Santana/AppData/Local/Programs/MiKTeX 2.9/fonts/type1/publ
ic/amsfonts/cm/cmbx10.pfb><C:/Users/Raymundo Santana/AppData/Local/Programs/MiK
TeX 2.9/fonts/type1/public/amsfonts/cm/cmbx12.pfb><C:/Users/Raymundo Santana/Ap
pData/Local/Programs/MiKTeX 2.9/fonts/type1/public/amsfonts/cm/cmex10.pfb><C:/U
sers/Raymundo Santana/AppData/Local/Programs/MiKTeX 2.9/fonts/type1/public/amsf
onts/cm/cmmi10.pfb><C:/Users/Raymundo Santana/AppData/Local/Programs/MiKTeX 2.9
/fonts/type1/public/amsfonts/cm/cmmi7.pfb><C:/Users/Raymundo Santana/AppData/Lo
cal/Programs/MiKTeX 2.9/fonts/type1/public/amsfonts/cm/cmr10.pfb><C:/Users/Raym
undo Santana/AppData/Local/Programs/MiKTeX 2.9/fonts/type1/public/amsfonts/cm/c
mr12.pfb><C:/Users/Raymundo Santana/AppData/Local/Programs/MiKTeX 2.9/fonts/typ
e1/public/amsfonts/cm/cmr7.pfb><C:/Users/Raymundo Santana/AppData/Local/Program
s/MiKTeX 2.9/fonts/type1/public/amsfonts/cm/cmsy10.pfb>
Output written on Tarea1.pdf (2 pages, 108999 bytes).
PDF statistics:
 61 PDF objects out of 1000 (max. 8388607)
 10 named destinations out of 1000 (max. 500000)
 6 words of extra memory for PDF output out of 10000 (max. 10000000)

